2025-04-09 21:55:37,401 7936 INFO ? odoo: Odoo version 18.0-20250409 
2025-04-09 21:55:37,401 7936 INFO ? odoo: Using configuration file at C:\Users\burge\OneDrive\Documents\Neatify Cleaning LLC\Oodoo\server\odoo.conf 
2025-04-09 21:55:37,401 7936 INFO ? odoo: addons paths: ['C:\\Users\\burge\\OneDrive\\Documents\\Neatify Cleaning LLC\\Oodoo\\server\\odoo\\addons', 'c:\\users\\burge\\onedrive\\documents\\neatify cleaning llc\\oodoo\\sessions\\addons\\18.0', 'c:\\users\\burge\\onedrive\\documents\\neatify cleaning llc\\oodoo\\server\\odoo\\addons'] 
2025-04-09 21:55:37,403 7936 INFO ? odoo: database: openpg@localhost:5432 
2025-04-09 21:55:38,102 7936 INFO ? odoo.addons.base.models.ir_actions_report: Will use the Wkhtmltopdf binary at C:\Users\burge\OneDrive\Documents\Neatify Cleaning LLC\Oodoo\thirdparty\wkhtmltopdf.exe 
2025-04-09 21:55:38,127 7936 INFO ? odoo.addons.base.models.ir_actions_report: You need Wkhtmltoimage to generate images from html. 
2025-04-09 21:55:38,773 7936 WARNING ? py.warnings: C:\Users\burge\OneDrive\Documents\Neatify Cleaning LLC\Oodoo\python\Lib\site-packages\vobject\base.py:736: SyntaxWarning: invalid escape sequence '\-'
  File "C:\Users\burge\OneDrive\Documents\Neatify Cleaning LLC\Oodoo\server\odoo-bin", line 8, in <module>
    odoo.cli.main()
  File "C:\Users\burge\OneDrive\Documents\Neatify Cleaning LLC\Oodoo\server\odoo\cli\command.py", line 66, in main
    o.run(args)
  File "C:\Users\burge\OneDrive\Documents\Neatify Cleaning LLC\Oodoo\server\odoo\cli\server.py", line 182, in run
    main(args)
  File "C:\Users\burge\OneDrive\Documents\Neatify Cleaning LLC\Oodoo\server\odoo\cli\server.py", line 175, in main
    rc = odoo.service.server.start(preload=preload, stop=stop)
  File "C:\Users\burge\OneDrive\Documents\Neatify Cleaning LLC\Oodoo\server\odoo\service\server.py", line 1375, in start
    load_server_wide_modules()
  File "C:\Users\burge\OneDrive\Documents\Neatify Cleaning LLC\Oodoo\server\odoo\service\server.py", line 1274, in load_server_wide_modules
    odoo.modules.module.load_openerp_module(m)
  File "C:\Users\burge\OneDrive\Documents\Neatify Cleaning LLC\Oodoo\server\odoo\modules\module.py", line 384, in load_openerp_module
    __import__(qualname)
  File "C:\Users\burge\OneDrive\Documents\Neatify Cleaning LLC\Oodoo\server\odoo\addons\web\__init__.py", line 5, in <module>
    from . import models
  File "C:\Users\burge\OneDrive\Documents\Neatify Cleaning LLC\Oodoo\server\odoo\addons\web\models\__init__.py", line 12, in <module>
    from . import res_partner
  File "C:\Users\burge\OneDrive\Documents\Neatify Cleaning LLC\Oodoo\server\odoo\addons\web\models\res_partner.py", line 12, in <module>
    import vobject
  File "C:\Users\burge\OneDrive\Documents\Neatify Cleaning LLC\Oodoo\python\Lib\site-packages\vobject\__init__.py", line 79, in <module>
    from .base import newFromBehavior, readOne, readComponents
  File "C:\Users\burge\OneDrive\Documents\Neatify Cleaning LLC\Oodoo\python\Lib\warnings.py", line 110, in _showwarnmsg
    sw(msg.message, msg.category, msg.filename, msg.lineno,
  File "C:\Users\burge\OneDrive\Documents\Neatify Cleaning LLC\Oodoo\server\odoo\netsvc.py", line 345, in showwarning_with_traceback
    for frame in traceback.extract_stack():
 
2025-04-09 21:55:38,774 7936 WARNING ? py.warnings: C:\Users\burge\OneDrive\Documents\Neatify Cleaning LLC\Oodoo\python\Lib\site-packages\vobject\base.py:1219: SyntaxWarning: invalid escape sequence '\;'
  File "C:\Users\burge\OneDrive\Documents\Neatify Cleaning LLC\Oodoo\server\odoo-bin", line 8, in <module>
    odoo.cli.main()
  File "C:\Users\burge\OneDrive\Documents\Neatify Cleaning LLC\Oodoo\server\odoo\cli\command.py", line 66, in main
    o.run(args)
  File "C:\Users\burge\OneDrive\Documents\Neatify Cleaning LLC\Oodoo\server\odoo\cli\server.py", line 182, in run
    main(args)
  File "C:\Users\burge\OneDrive\Documents\Neatify Cleaning LLC\Oodoo\server\odoo\cli\server.py", line 175, in main
    rc = odoo.service.server.start(preload=preload, stop=stop)
  File "C:\Users\burge\OneDrive\Documents\Neatify Cleaning LLC\Oodoo\server\odoo\service\server.py", line 1375, in start
    load_server_wide_modules()
  File "C:\Users\burge\OneDrive\Documents\Neatify Cleaning LLC\Oodoo\server\odoo\service\server.py", line 1274, in load_server_wide_modules
    odoo.modules.module.load_openerp_module(m)
  File "C:\Users\burge\OneDrive\Documents\Neatify Cleaning LLC\Oodoo\server\odoo\modules\module.py", line 384, in load_openerp_module
    __import__(qualname)
  File "C:\Users\burge\OneDrive\Documents\Neatify Cleaning LLC\Oodoo\server\odoo\addons\web\__init__.py", line 5, in <module>
    from . import models
  File "C:\Users\burge\OneDrive\Documents\Neatify Cleaning LLC\Oodoo\server\odoo\addons\web\models\__init__.py", line 12, in <module>
    from . import res_partner
  File "C:\Users\burge\OneDrive\Documents\Neatify Cleaning LLC\Oodoo\server\odoo\addons\web\models\res_partner.py", line 12, in <module>
    import vobject
  File "C:\Users\burge\OneDrive\Documents\Neatify Cleaning LLC\Oodoo\python\Lib\site-packages\vobject\__init__.py", line 79, in <module>
    from .base import newFromBehavior, readOne, readComponents
  File "C:\Users\burge\OneDrive\Documents\Neatify Cleaning LLC\Oodoo\python\Lib\warnings.py", line 110, in _showwarnmsg
    sw(msg.message, msg.category, msg.filename, msg.lineno,
  File "C:\Users\burge\OneDrive\Documents\Neatify Cleaning LLC\Oodoo\server\odoo\netsvc.py", line 345, in showwarning_with_traceback
    for frame in traceback.extract_stack():
 
2025-04-09 21:55:38,775 7936 WARNING ? py.warnings: C:\Users\burge\OneDrive\Documents\Neatify Cleaning LLC\Oodoo\python\Lib\site-packages\vobject\base.py:1219: SyntaxWarning: invalid escape sequence '\,'
  File "C:\Users\burge\OneDrive\Documents\Neatify Cleaning LLC\Oodoo\server\odoo-bin", line 8, in <module>
    odoo.cli.main()
  File "C:\Users\burge\OneDrive\Documents\Neatify Cleaning LLC\Oodoo\server\odoo\cli\command.py", line 66, in main
    o.run(args)
  File "C:\Users\burge\OneDrive\Documents\Neatify Cleaning LLC\Oodoo\server\odoo\cli\server.py", line 182, in run
    main(args)
  File "C:\Users\burge\OneDrive\Documents\Neatify Cleaning LLC\Oodoo\server\odoo\cli\server.py", line 175, in main
    rc = odoo.service.server.start(preload=preload, stop=stop)
  File "C:\Users\burge\OneDrive\Documents\Neatify Cleaning LLC\Oodoo\server\odoo\service\server.py", line 1375, in start
    load_server_wide_modules()
  File "C:\Users\burge\OneDrive\Documents\Neatify Cleaning LLC\Oodoo\server\odoo\service\server.py", line 1274, in load_server_wide_modules
    odoo.modules.module.load_openerp_module(m)
  File "C:\Users\burge\OneDrive\Documents\Neatify Cleaning LLC\Oodoo\server\odoo\modules\module.py", line 384, in load_openerp_module
    __import__(qualname)
  File "C:\Users\burge\OneDrive\Documents\Neatify Cleaning LLC\Oodoo\server\odoo\addons\web\__init__.py", line 5, in <module>
    from . import models
  File "C:\Users\burge\OneDrive\Documents\Neatify Cleaning LLC\Oodoo\server\odoo\addons\web\models\__init__.py", line 12, in <module>
    from . import res_partner
  File "C:\Users\burge\OneDrive\Documents\Neatify Cleaning LLC\Oodoo\server\odoo\addons\web\models\res_partner.py", line 12, in <module>
    import vobject
  File "C:\Users\burge\OneDrive\Documents\Neatify Cleaning LLC\Oodoo\python\Lib\site-packages\vobject\__init__.py", line 79, in <module>
    from .base import newFromBehavior, readOne, readComponents
  File "C:\Users\burge\OneDrive\Documents\Neatify Cleaning LLC\Oodoo\python\Lib\warnings.py", line 110, in _showwarnmsg
    sw(msg.message, msg.category, msg.filename, msg.lineno,
  File "C:\Users\burge\OneDrive\Documents\Neatify Cleaning LLC\Oodoo\server\odoo\netsvc.py", line 345, in showwarning_with_traceback
    for frame in traceback.extract_stack():
 
2025-04-09 21:55:39,125 7936 INFO ? odoo.service.server: Initiating shutdown 
2025-04-09 21:55:39,125 7936 INFO ? odoo.service.server: Hit CTRL-C again or send a second signal to force the shutdown. 
2025-04-09 21:55:47,872 20600 INFO ? odoo: Odoo version 18.0-20250409 
2025-04-09 21:55:47,872 20600 INFO ? odoo: Using configuration file at C:\Users\burge\OneDrive\Documents\Neatify Cleaning LLC\Oodoo\server\odoo.conf 
2025-04-09 21:55:47,872 20600 INFO ? odoo: addons paths: ['C:\\Users\\burge\\OneDrive\\Documents\\Neatify Cleaning LLC\\Oodoo\\server\\odoo\\addons', 'c:\\users\\burge\\onedrive\\documents\\neatify cleaning llc\\oodoo\\sessions\\addons\\18.0', 'c:\\users\\burge\\onedrive\\documents\\neatify cleaning llc\\oodoo\\server\\odoo\\addons'] 
2025-04-09 21:55:47,872 20600 INFO ? odoo: database: openpg@localhost:5432 
2025-04-09 21:55:48,050 20600 INFO ? odoo.addons.base.models.ir_actions_report: Will use the Wkhtmltopdf binary at C:\Users\burge\OneDrive\Documents\Neatify Cleaning LLC\Oodoo\thirdparty\wkhtmltopdf.exe 
2025-04-09 21:55:48,063 20600 INFO ? odoo.addons.base.models.ir_actions_report: You need Wkhtmltoimage to generate images from html. 
2025-04-09 21:55:48,440 20600 INFO ? odoo.service.server: HTTP service (werkzeug) running on Chelseas2.lan:8069 
2025-04-09 21:55:52,492 20600 INFO ? odoo.sql_db: Connection to the database failed 
2025-04-09 21:55:56,545 20600 INFO ? odoo.sql_db: Connection to the database failed 
2025-04-09 22:12:02,841 20600 INFO ? werkzeug: 127.0.0.1 - - [09/Apr/2025 22:12:02] "GET / HTTP/1.1" 303 - 1 0.004 0.176
2025-04-09 22:12:02,907 20600 INFO ? werkzeug: 127.0.0.1 - - [09/Apr/2025 22:12:02] "GET /odoo HTTP/1.1" 303 - 2 0.004 0.059
2025-04-09 22:12:06,400 20600 INFO ? werkzeug: 127.0.0.1 - - [09/Apr/2025 22:12:06] "GET /web/database/selector HTTP/1.1" 200 - 2 0.005 3.467
2025-04-09 22:12:07,162 20600 INFO ? werkzeug: 127.0.0.1 - - [09/Apr/2025 22:12:07] "GET /web/static/lib/bootstrap/dist/css/bootstrap.css HTTP/1.1" 200 - 1 0.002 0.448
2025-04-09 22:12:07,167 20600 INFO ? werkzeug: 127.0.0.1 - - [09/Apr/2025 22:12:07] "GET /web/static/src/libs/fontawesome/css/font-awesome.css HTTP/1.1" 200 - 1 0.003 0.453
2025-04-09 22:12:07,169 20600 INFO ? werkzeug: 127.0.0.1 - - [09/Apr/2025 22:12:07] "GET /web/static/lib/bootstrap/js/dist/dom/data.js HTTP/1.1" 200 - 1 0.003 0.448
2025-04-09 22:12:07,169 20600 INFO ? werkzeug: 127.0.0.1 - - [09/Apr/2025 22:12:07] "GET /web/static/lib/bootstrap/js/dist/util/index.js HTTP/1.1" 200 - 1 0.004 0.451
2025-04-09 22:12:07,173 20600 INFO ? werkzeug: 127.0.0.1 - - [09/Apr/2025 22:12:07] "GET /web/static/lib/bootstrap/js/dist/dom/manipulator.js HTTP/1.1" 200 - 1 0.001 0.446
2025-04-09 22:12:07,171 20600 INFO ? werkzeug: 127.0.0.1 - - [09/Apr/2025 22:12:07] "GET /web/static/lib/bootstrap/js/dist/dom/event-handler.js HTTP/1.1" 200 - 1 0.003 0.447
2025-04-09 22:12:07,673 20600 INFO ? werkzeug: 127.0.0.1 - - [09/Apr/2025 22:12:07] "GET /web/static/lib/bootstrap/js/dist/dom/selector-engine.js HTTP/1.1" 200 - 1 0.005 0.189
2025-04-09 22:12:07,675 20600 INFO ? werkzeug: 127.0.0.1 - - [09/Apr/2025 22:12:07] "GET /web/static/lib/bootstrap/js/dist/util/config.js HTTP/1.1" 200 - 1 0.002 0.195
2025-04-09 22:12:07,676 20600 INFO ? werkzeug: 127.0.0.1 - - [09/Apr/2025 22:12:07] "GET /web/static/lib/bootstrap/js/dist/util/component-functions.js HTTP/1.1" 200 - 1 0.002 0.194
2025-04-09 22:12:07,677 20600 INFO ? werkzeug: 127.0.0.1 - - [09/Apr/2025 22:12:07] "GET /web/static/lib/bootstrap/js/dist/util/backdrop.js HTTP/1.1" 200 - 1 0.002 0.196
2025-04-09 22:12:07,679 20600 INFO ? werkzeug: 127.0.0.1 - - [09/Apr/2025 22:12:07] "GET /web/static/lib/bootstrap/js/dist/util/scrollbar.js HTTP/1.1" 200 - 1 0.001 0.181
2025-04-09 22:12:07,683 20600 INFO ? werkzeug: 127.0.0.1 - - [09/Apr/2025 22:12:07] "GET /web/static/lib/bootstrap/js/dist/util/focustrap.js HTTP/1.1" 200 - 1 0.002 0.186
2025-04-09 22:12:08,099 20600 INFO ? werkzeug: 127.0.0.1 - - [09/Apr/2025 22:12:08] "GET /web/static/lib/bootstrap/js/dist/modal.js HTTP/1.1" 200 - 1 0.003 0.104
2025-04-09 22:12:08,100 20600 INFO ? werkzeug: 127.0.0.1 - - [09/Apr/2025 22:12:08] "GET /web/static/lib/bootstrap/js/dist/base-component.js HTTP/1.1" 200 - 1 0.001 0.107
2025-04-09 22:12:08,100 20600 INFO ? werkzeug: 127.0.0.1 - - [09/Apr/2025 22:12:08] "GET /web/static/src/public/database_manager.js HTTP/1.1" 200 - 1 0.002 0.104
2025-04-09 22:12:08,102 20600 INFO ? werkzeug: 127.0.0.1 - - [09/Apr/2025 22:12:08] "GET /web/static/img/logo2.png HTTP/1.1" 200 - 1 0.003 0.103
2025-04-09 22:12:08,545 20600 INFO ? werkzeug: 127.0.0.1 - - [09/Apr/2025 22:12:08] "GET /web/static/src/libs/fontawesome/fonts/fontawesome-webfont.woff2?v=4.7.0 HTTP/1.1" 200 - 1 0.001 0.034
2025-04-09 22:12:08,789 20600 INFO ? werkzeug: 127.0.0.1 - - [09/Apr/2025 22:12:08] "GET /web/static/img/favicon.ico HTTP/1.1" 200 - 1 0.002 0.033
2025-04-09 22:12:43,972 20600 INFO None odoo.service.db: Create database `NeatifyCleaning`. 
2025-04-09 22:12:45,643 20600 INFO None odoo.modules.loading: loading 1 modules... 
2025-04-09 22:12:45,644 20600 INFO None odoo.modules.loading: Loading module base (1/1) 
2025-04-09 22:12:45,757 20600 INFO None odoo.modules.registry: module base: creating or updating database tables 
2025-04-09 22:12:46,036 20600 WARNING None odoo.http: Access Denied 
2025-04-09 22:12:46,036 20600 INFO None werkzeug: 127.0.0.1 - - [09/Apr/2025 22:12:46] "POST /web/database/create HTTP/1.1" 403 - 1 0.000 4.659
2025-04-09 22:12:46,223 20600 INFO None odoo.models: Prepare computation of ir.module.module.menus_by_module 
2025-04-09 22:12:46,223 20600 INFO None odoo.models: Prepare computation of ir.module.module.reports_by_module 
2025-04-09 22:12:46,223 20600 INFO None odoo.models: Prepare computation of ir.module.module.views_by_module 
2025-04-09 22:12:46,236 20600 WARNING None odoo.http: Access Denied 
2025-04-09 22:12:46,237 20600 INFO None werkzeug: 127.0.0.1 - - [09/Apr/2025 22:12:46] "POST /web/database/create HTTP/1.1" 403 - 1 0.013 4.536
2025-04-09 22:12:46,361 20600 INFO None odoo.models: Prepare computation of res.partner.user_id 
2025-04-09 22:12:46,361 20600 INFO None odoo.models: Prepare computation of res.partner.commercial_partner_id 
2025-04-09 22:12:46,361 20600 INFO None odoo.models: Prepare computation of res.partner.complete_name 
2025-04-09 22:12:46,361 20600 INFO None odoo.models: Prepare computation of res.partner.company_registry 
2025-04-09 22:12:46,361 20600 INFO None odoo.models: Prepare computation of res.partner.commercial_company_name 
2025-04-09 22:12:46,361 20600 INFO None odoo.models: Prepare computation of res.partner.partner_share 
2025-04-09 22:12:46,403 20600 INFO None odoo.models: Prepare computation of res.currency.decimal_places 
2025-04-09 22:12:46,436 20600 INFO None odoo.service.db: Create database `NeatifyCleaning`. 
2025-04-09 22:12:46,436 20600 INFO None odoo.models: Prepare computation of res.company.uses_default_logo 
2025-04-09 22:12:46,436 20600 INFO None odoo.models: Prepare computation of res.company.logo_web 
2025-04-09 22:12:46,436 20600 INFO None odoo.models: Computing parent_path for table res_company... 
2025-04-09 22:12:46,471 20600 ERROR None odoo.addons.web.controllers.database: Database creation error. 
Traceback (most recent call last):
  File "C:\Users\burge\OneDrive\Documents\Neatify Cleaning LLC\Oodoo\server\odoo\addons\web\controllers\database.py", line 81, in create
    dispatch_rpc('db', 'create_database', [master_pwd, name, bool(post.get('demo')), lang, password, post['login'], country_code, post['phone']])
  File "C:\Users\burge\OneDrive\Documents\Neatify Cleaning LLC\Oodoo\server\odoo\http.py", line 398, in dispatch_rpc
    return dispatch(method, params)
           ^^^^^^^^^^^^^^^^^^^^^^^^
  File "C:\Users\burge\OneDrive\Documents\Neatify Cleaning LLC\Oodoo\server\odoo\service\db.py", line 495, in dispatch
    return g[exp_method_name](*params)
           ^^^^^^^^^^^^^^^^^^^^^^^^^^^
  File "C:\Users\burge\OneDrive\Documents\Neatify Cleaning LLC\Oodoo\python\Lib\site-packages\decorator.py", line 232, in fun
    return caller(func, *(extras + args), **kw)
           ^^^^^^^^^^^^^^^^^^^^^^^^^^^^^^^^^^^^
  File "C:\Users\burge\OneDrive\Documents\Neatify Cleaning LLC\Oodoo\server\odoo\service\db.py", line 50, in if_db_mgt_enabled
    return method(self, *args, **kwargs)
           ^^^^^^^^^^^^^^^^^^^^^^^^^^^^^
  File "C:\Users\burge\OneDrive\Documents\Neatify Cleaning LLC\Oodoo\server\odoo\service\db.py", line 155, in exp_create_database
    _create_empty_database(db_name)
  File "C:\Users\burge\OneDrive\Documents\Neatify Cleaning LLC\Oodoo\server\odoo\service\db.py", line 112, in _create_empty_database
    raise DatabaseExists("database %r already exists!" % (name,))
odoo.service.db.DatabaseExists: database 'NeatifyCleaning' already exists!
2025-04-09 22:12:46,490 20600 INFO None odoo.models: Prepare computation of res.users.signature 
2025-04-09 22:12:46,490 20600 INFO None odoo.models: Prepare computation of res.users.share 
2025-04-09 22:12:48,197 20600 INFO None odoo.service.db: Create database `NeatifyCleaning`. 
2025-04-09 22:12:48,353 20600 ERROR None odoo.addons.web.controllers.database: Database creation error. 
Traceback (most recent call last):
  File "C:\Users\burge\OneDrive\Documents\Neatify Cleaning LLC\Oodoo\server\odoo\addons\web\controllers\database.py", line 81, in create
    dispatch_rpc('db', 'create_database', [master_pwd, name, bool(post.get('demo')), lang, password, post['login'], country_code, post['phone']])
  File "C:\Users\burge\OneDrive\Documents\Neatify Cleaning LLC\Oodoo\server\odoo\http.py", line 398, in dispatch_rpc
    return dispatch(method, params)
           ^^^^^^^^^^^^^^^^^^^^^^^^
  File "C:\Users\burge\OneDrive\Documents\Neatify Cleaning LLC\Oodoo\server\odoo\service\db.py", line 495, in dispatch
    return g[exp_method_name](*params)
           ^^^^^^^^^^^^^^^^^^^^^^^^^^^
  File "C:\Users\burge\OneDrive\Documents\Neatify Cleaning LLC\Oodoo\python\Lib\site-packages\decorator.py", line 232, in fun
    return caller(func, *(extras + args), **kw)
           ^^^^^^^^^^^^^^^^^^^^^^^^^^^^^^^^^^^^
  File "C:\Users\burge\OneDrive\Documents\Neatify Cleaning LLC\Oodoo\server\odoo\service\db.py", line 50, in if_db_mgt_enabled
    return method(self, *args, **kwargs)
           ^^^^^^^^^^^^^^^^^^^^^^^^^^^^^
  File "C:\Users\burge\OneDrive\Documents\Neatify Cleaning LLC\Oodoo\server\odoo\service\db.py", line 155, in exp_create_database
    _create_empty_database(db_name)
  File "C:\Users\burge\OneDrive\Documents\Neatify Cleaning LLC\Oodoo\server\odoo\service\db.py", line 112, in _create_empty_database
    raise DatabaseExists("database %r already exists!" % (name,))
odoo.service.db.DatabaseExists: database 'NeatifyCleaning' already exists!
2025-04-09 22:12:50,010 20600 INFO None odoo.modules.loading: loading base/data/res_bank.xml 
2025-04-09 22:12:50,021 20600 INFO None odoo.modules.loading: loading base/data/res.lang.csv 
2025-04-09 22:12:50,107 20600 INFO None odoo.modules.loading: loading base/data/res_lang_data.xml 
2025-04-09 22:12:50,190 20600 INFO None odoo.modules.loading: loading base/data/res_partner_data.xml 
2025-04-09 22:12:50,287 20600 INFO None odoo.modules.loading: loading base/data/res_currency_data.xml 
2025-04-09 22:12:51,120 20600 INFO None odoo.modules.loading: loading base/data/res_company_data.xml 
2025-04-09 22:12:51,139 20600 INFO None odoo.modules.loading: loading base/data/res_users_data.xml 
2025-04-09 22:12:54,403 20600 INFO None odoo.modules.loading: loading base/data/report_paperformat_data.xml 
2025-04-09 22:12:54,420 20600 INFO None odoo.modules.loading: loading base/data/res_country_data.xml 
2025-04-09 22:12:55,315 20600 INFO None odoo.modules.loading: loading base/data/ir_demo_data.xml 
2025-04-09 22:12:55,353 20600 INFO None odoo.modules.loading: loading base/security/base_groups.xml 
2025-04-09 22:12:55,727 20600 INFO None odoo.modules.loading: loading base/security/base_security.xml 
2025-04-09 22:12:56,023 20600 INFO None odoo.modules.loading: loading base/views/base_menus.xml 
2025-04-09 22:12:56,144 20600 INFO None odoo.modules.loading: loading base/views/decimal_precision_views.xml 
2025-04-09 22:12:56,186 20600 INFO None odoo.modules.loading: loading base/views/res_config_views.xml 
2025-04-09 22:12:56,214 20600 INFO None odoo.modules.loading: loading base/data/res.country.state.csv 
2025-04-09 22:12:58,253 20600 INFO None odoo.modules.loading: loading base/views/ir_actions_views.xml 
2025-04-09 22:12:58,550 20600 INFO None odoo.modules.loading: loading base/views/ir_asset_views.xml 
2025-04-09 22:12:58,578 20600 INFO None odoo.modules.loading: loading base/views/ir_config_parameter_views.xml 
2025-04-09 22:12:58,602 20600 INFO None odoo.modules.loading: loading base/views/ir_cron_views.xml 
2025-04-09 22:12:58,669 20600 INFO None odoo.modules.loading: loading base/views/ir_cron_trigger_views.xml 
2025-04-09 22:12:58,729 20600 INFO None odoo.modules.loading: loading base/views/ir_filters_views.xml 
2025-04-09 22:12:58,784 20600 INFO None odoo.modules.loading: loading base/views/ir_mail_server_views.xml 
2025-04-09 22:12:58,835 20600 INFO None odoo.modules.loading: loading base/views/ir_model_views.xml 
2025-04-09 22:12:59,242 20600 INFO None odoo.modules.loading: loading base/views/ir_attachment_views.xml 
2025-04-09 22:12:59,291 20600 INFO None odoo.modules.loading: loading base/views/ir_rule_views.xml 
2025-04-09 22:12:59,332 20600 INFO None odoo.modules.loading: loading base/views/ir_sequence_views.xml 
2025-04-09 22:12:59,372 20600 INFO None odoo.modules.loading: loading base/views/ir_ui_menu_views.xml 
2025-04-09 22:12:59,413 20600 INFO None odoo.modules.loading: loading base/views/ir_ui_view_views.xml 
2025-04-09 22:12:59,504 20600 INFO None odoo.modules.loading: loading base/views/ir_default_views.xml 
2025-04-09 22:12:59,539 20600 INFO None odoo.modules.loading: loading base/data/ir_config_parameter_data.xml 
2025-04-09 22:12:59,539 20600 INFO None odoo.modules.loading: loading base/data/ir_cron_data.xml 
2025-04-09 22:12:59,572 20600 INFO None odoo.modules.loading: loading base/report/ir_model_report.xml 
2025-04-09 22:12:59,585 20600 INFO None odoo.modules.loading: loading base/report/ir_model_templates.xml 
2025-04-09 22:12:59,614 20600 INFO None odoo.modules.loading: loading base/views/ir_logging_views.xml 
2025-04-09 22:12:59,669 20600 INFO None odoo.modules.loading: loading base/views/ir_qweb_widget_templates.xml 
2025-04-09 22:12:59,703 20600 INFO None odoo.modules.loading: loading base/views/ir_module_views.xml 
2025-04-09 22:12:59,811 20600 INFO None odoo.modules.loading: loading base/data/ir_module_category_data.xml 
2025-04-09 22:12:59,947 20600 INFO None odoo.modules.loading: loading base/data/ir_module_module.xml 
2025-04-09 22:13:00,059 20600 INFO None odoo.modules.loading: loading base/report/ir_module_reports.xml 
2025-04-09 22:13:00,063 20600 INFO None odoo.modules.loading: loading base/report/ir_module_report_templates.xml 
2025-04-09 22:13:00,076 20600 INFO None odoo.modules.loading: loading base/wizard/base_module_update_views.xml 
2025-04-09 22:13:00,100 20600 INFO None odoo.modules.loading: loading base/wizard/base_language_install_views.xml 
2025-04-09 22:13:00,122 20600 INFO None odoo.modules.loading: loading base/wizard/base_import_language_views.xml 
2025-04-09 22:13:00,146 20600 INFO None odoo.modules.loading: loading base/wizard/base_module_upgrade_views.xml 
2025-04-09 22:13:00,181 20600 INFO None odoo.modules.loading: loading base/wizard/base_module_uninstall_views.xml 
2025-04-09 22:13:00,198 20600 INFO None odoo.modules.loading: loading base/wizard/base_export_language_views.xml 
2025-04-09 22:13:00,218 20600 INFO None odoo.modules.loading: loading base/wizard/base_partner_merge_views.xml 
2025-04-09 22:13:00,248 20600 INFO None odoo.modules.loading: loading base/data/ir_demo_failure_data.xml 
2025-04-09 22:13:00,270 20600 INFO None odoo.modules.loading: loading base/views/ir_profile_views.xml 
2025-04-09 22:13:00,319 20600 INFO None odoo.modules.loading: loading base/views/res_company_views.xml 
2025-04-09 22:13:00,364 20600 INFO None odoo.modules.loading: loading base/views/res_lang_views.xml 
2025-04-09 22:13:00,419 20600 INFO None odoo.modules.loading: loading base/views/res_partner_views.xml 
2025-04-09 22:13:00,713 20600 INFO None odoo.modules.loading: loading base/views/res_bank_views.xml 
2025-04-09 22:13:00,785 20600 INFO None odoo.modules.loading: loading base/views/res_country_views.xml 
2025-04-09 22:13:00,900 20600 INFO None odoo.modules.loading: loading base/views/res_currency_views.xml 
2025-04-09 22:13:00,983 20600 INFO None odoo.modules.loading: loading base/views/res_users_views.xml 
2025-04-09 22:13:01,204 20600 INFO None odoo.modules.loading: loading base/views/res_device_views.xml 
2025-04-09 22:13:01,271 20600 INFO None odoo.modules.loading: loading base/views/res_users_identitycheck_views.xml 
2025-04-09 22:13:01,288 20600 INFO None odoo.modules.loading: loading base/views/res_config_settings_views.xml 
2025-04-09 22:13:01,302 20600 INFO None odoo.modules.loading: loading base/views/report_paperformat_views.xml 
2025-04-09 22:13:01,364 20600 INFO None odoo.modules.loading: loading base/security/ir.model.access.csv 
2025-04-09 22:13:01,741 20600 ERROR None odoo.http: Exception during request handling. 
Traceback (most recent call last):
  File "C:\Users\burge\OneDrive\Documents\Neatify Cleaning LLC\Oodoo\server\odoo\http.py", line 2388, in __call__
    response = request._serve_nodb()
               ^^^^^^^^^^^^^^^^^^^^^
  File "C:\Users\burge\OneDrive\Documents\Neatify Cleaning LLC\Oodoo\server\odoo\http.py", line 1860, in _serve_nodb
    response = self.dispatcher.dispatch(rule.endpoint, args)
               ^^^^^^^^^^^^^^^^^^^^^^^^^^^^^^^^^^^^^^^^^^^^^
  File "C:\Users\burge\OneDrive\Documents\Neatify Cleaning LLC\Oodoo\server\odoo\http.py", line 2093, in dispatch
    return endpoint(**self.request.params)
           ^^^^^^^^^^^^^^^^^^^^^^^^^^^^^^^
  File "C:\Users\burge\OneDrive\Documents\Neatify Cleaning LLC\Oodoo\server\odoo\http.py", line 727, in route_wrapper
    result = endpoint(self, *args, **params_ok)
             ^^^^^^^^^^^^^^^^^^^^^^^^^^^^^^^^^^
  File "C:\Users\burge\OneDrive\Documents\Neatify Cleaning LLC\Oodoo\server\odoo\addons\web\controllers\database.py", line 89, in create
    return self._render_template(error=error)
           ^^^^^^^^^^^^^^^^^^^^^^^^^^^^^^^^^^
  File "C:\Users\burge\OneDrive\Documents\Neatify Cleaning LLC\Oodoo\server\odoo\addons\web\controllers\database.py", line 40, in _render_template
    d['incompatible_databases'] = odoo.service.db.list_db_incompatible(d['databases'])
                                  ^^^^^^^^^^^^^^^^^^^^^^^^^^^^^^^^^^^^^^^^^^^^^^^^^^^^
  File "C:\Users\burge\OneDrive\Documents\Neatify Cleaning LLC\Oodoo\server\odoo\service\db.py", line 443, in list_db_incompatible
    base_version = cr.fetchone()
                   ^^^^^^^^^^^^^
psycopg2.InterfaceError: cursor already closed
2025-04-09 22:13:01,742 20600 INFO None werkzeug: 127.0.0.1 - - [09/Apr/2025 22:13:01] "POST /web/database/create HTTP/1.1" 500 - 5 13.523 6.349
2025-04-09 22:13:01,744 20600 INFO None odoo.sql_db: ConnectionPool(read/write;used=0/count=0/max=64): Closed 3 connections to 'user=openpg password=xxx dbname=NeatifyCleaning host=localhost port=5432 application_name=odoo-20600 sslmode=prefer' 
2025-04-09 22:13:01,810 20600 WARNING None odoo.modules.loading: Transient module states were reset 
2025-04-09 22:13:01,817 20600 INFO None werkzeug: 127.0.0.1 - - [09/Apr/2025 22:13:01] "POST /web/database/create HTTP/1.1" 200 - 5 11.722 9.923
2025-04-09 22:13:01,819 20600 ERROR None odoo.modules.registry: Failed to load registry 
2025-04-09 22:13:01,819 20600 ERROR None odoo.service.db: CREATE DATABASE failed: 
Traceback (most recent call last):
  File "C:\Users\burge\OneDrive\Documents\Neatify Cleaning LLC\Oodoo\server\odoo\service\db.py", line 72, in _initialize_db
    registry = odoo.modules.registry.Registry.new(db_name, demo, None, update_module=True)
               ^^^^^^^^^^^^^^^^^^^^^^^^^^^^^^^^^^^^^^^^^^^^^^^^^^^^^^^^^^^^^^^^^^^^^^^^^^^
  File "C:\Users\burge\OneDrive\Documents\Neatify Cleaning LLC\Oodoo\python\Lib\site-packages\decorator.py", line 232, in fun
    return caller(func, *(extras + args), **kw)
           ^^^^^^^^^^^^^^^^^^^^^^^^^^^^^^^^^^^^
  File "C:\Users\burge\OneDrive\Documents\Neatify Cleaning LLC\Oodoo\server\odoo\tools\func.py", line 97, in locked
    return func(inst, *args, **kwargs)
           ^^^^^^^^^^^^^^^^^^^^^^^^^^^
  File "C:\Users\burge\OneDrive\Documents\Neatify Cleaning LLC\Oodoo\server\odoo\modules\registry.py", line 127, in new
    odoo.modules.load_modules(registry, force_demo, status, update_module)
  File "C:\Users\burge\OneDrive\Documents\Neatify Cleaning LLC\Oodoo\server\odoo\modules\loading.py", line 426, in load_modules
    loaded_modules, processed_modules = load_module_graph(
                                        ^^^^^^^^^^^^^^^^^^
  File "C:\Users\burge\OneDrive\Documents\Neatify Cleaning LLC\Oodoo\server\odoo\modules\loading.py", line 262, in load_module_graph
    models = [model for [model] in env.cr.fetchall()]
                                   ^^^^^^^^^^^^^^^^^
psycopg2.InterfaceError: cursor already closed
2025-04-09 22:13:01,837 20600 INFO ? odoo.modules.loading: loading 1 modules... 
2025-04-09 22:13:01,852 20600 INFO ? odoo.modules.loading: 1 modules loaded in 0.01s, 0 queries (+0 extra) 
2025-04-09 22:13:02,006 20600 INFO ? odoo.modules.loading: Modules loaded. 
2025-04-09 22:13:02,008 20600 INFO ? odoo.modules.registry: Caches invalidated, signaling through the database: ['default'] 
2025-04-09 22:13:02,009 20600 INFO ? odoo.modules.registry: Registry loaded in 0.189s 
2025-04-09 22:13:02,010 20600 INFO NeatifyCleaning odoo.addons.base.models.ir_http: Generating routing map for key None 
2025-04-09 22:13:02,136 20600 INFO None odoo.addons.base.models.res_users: Login failed for db:NeatifyCleaning login:neatifycleaningllc@gmail.com from 127.0.0.1 
2025-04-09 22:13:02,136 20600 ERROR None odoo.addons.web.controllers.database: Database creation error. 
Traceback (most recent call last):
  File "C:\Users\burge\OneDrive\Documents\Neatify Cleaning LLC\Oodoo\server\odoo\addons\web\controllers\database.py", line 83, in create
    request.session.authenticate(name, credential)
  File "C:\Users\burge\OneDrive\Documents\Neatify Cleaning LLC\Oodoo\server\odoo\http.py", line 1044, in authenticate
    auth_info = registry['res.users'].authenticate(dbname, credential, wsgienv)
                ^^^^^^^^^^^^^^^^^^^^^^^^^^^^^^^^^^^^^^^^^^^^^^^^^^^^^^^^^^^^^^^
  File "C:\Users\burge\OneDrive\Documents\Neatify Cleaning LLC\Oodoo\server\odoo\addons\base\models\res_users.py", line 964, in authenticate
    auth_info = cls._login(db, credential, user_agent_env=user_agent_env)
                ^^^^^^^^^^^^^^^^^^^^^^^^^^^^^^^^^^^^^^^^^^^^^^^^^^^^^^^^^
  File "C:\Users\burge\OneDrive\Documents\Neatify Cleaning LLC\Oodoo\server\odoo\addons\base\models\res_users.py", line 932, in _login
    raise AccessDenied()
odoo.exceptions.AccessDenied: Access Denied
2025-04-09 22:13:05,119 20600 ERROR NeatifyCleaning odoo.addons.web.controllers.database: Database creation error. 
Traceback (most recent call last):
  File "C:\Users\burge\OneDrive\Documents\Neatify Cleaning LLC\Oodoo\server\odoo\addons\web\controllers\database.py", line 78, in create
    raise Exception(_('Houston, we have a database naming issue! Make sure you only use letters, numbers, underscores, hyphens, or dots in the database name, and you\'ll be golden.'))
Exception: Houston, we have a database naming issue! Make sure you only use letters, numbers, underscores, hyphens, or dots in the database name, and you'll be golden.
2025-04-09 22:13:05,145 20600 ERROR NeatifyCleaning odoo.addons.web.controllers.database: Database creation error. 
Traceback (most recent call last):
  File "C:\Users\burge\OneDrive\Documents\Neatify Cleaning LLC\Oodoo\server\odoo\addons\web\controllers\database.py", line 78, in create
    raise Exception(_('Houston, we have a database naming issue! Make sure you only use letters, numbers, underscores, hyphens, or dots in the database name, and you\'ll be golden.'))
Exception: Houston, we have a database naming issue! Make sure you only use letters, numbers, underscores, hyphens, or dots in the database name, and you'll be golden.
2025-04-09 22:13:05,187 20600 ERROR NeatifyCleaning odoo.addons.web.controllers.database: Database creation error. 
Traceback (most recent call last):
  File "C:\Users\burge\OneDrive\Documents\Neatify Cleaning LLC\Oodoo\server\odoo\addons\web\controllers\database.py", line 78, in create
    raise Exception(_('Houston, we have a database naming issue! Make sure you only use letters, numbers, underscores, hyphens, or dots in the database name, and you\'ll be golden.'))
Exception: Houston, we have a database naming issue! Make sure you only use letters, numbers, underscores, hyphens, or dots in the database name, and you'll be golden.
2025-04-09 22:13:05,270 20600 INFO None odoo.sql_db: ConnectionPool(read/write;used=0/count=0/max=64): Closed 6 connections to 'user=openpg password=xxx dbname=NeatifyCleaning host=localhost port=5432 application_name=odoo-20600 sslmode=prefer' 
2025-04-09 22:13:05,326 20600 ERROR NeatifyCleaning odoo.addons.web.controllers.database: Database creation error. 
Traceback (most recent call last):
  File "C:\Users\burge\OneDrive\Documents\Neatify Cleaning LLC\Oodoo\server\odoo\addons\web\controllers\database.py", line 78, in create
    raise Exception(_('Houston, we have a database naming issue! Make sure you only use letters, numbers, underscores, hyphens, or dots in the database name, and you\'ll be golden.'))
Exception: Houston, we have a database naming issue! Make sure you only use letters, numbers, underscores, hyphens, or dots in the database name, and you'll be golden.
2025-04-09 22:13:05,326 20600 ERROR NeatifyCleaning odoo.addons.web.controllers.database: Database creation error. 
Traceback (most recent call last):
  File "C:\Users\burge\OneDrive\Documents\Neatify Cleaning LLC\Oodoo\server\odoo\addons\web\controllers\database.py", line 78, in create
    raise Exception(_('Houston, we have a database naming issue! Make sure you only use letters, numbers, underscores, hyphens, or dots in the database name, and you\'ll be golden.'))
Exception: Houston, we have a database naming issue! Make sure you only use letters, numbers, underscores, hyphens, or dots in the database name, and you'll be golden.
2025-04-09 22:13:05,436 20600 INFO None werkzeug: 127.0.0.1 - - [09/Apr/2025 22:13:05] "POST /web/database/create HTTP/1.1" 200 - 12289 8.929 19.362
2025-04-09 22:13:08,077 20600 INFO NeatifyCleaning odoo.sql_db: ConnectionPool(read/write;used=2/count=2/max=64): Closed 2 connections to 'user=openpg password=xxx dbname=NeatifyCleaning host=localhost port=5432 application_name=odoo-20600 sslmode=prefer' 
2025-04-09 22:13:08,252 20600 INFO NeatifyCleaning werkzeug: 127.0.0.1 - - [09/Apr/2025 22:13:08] "POST /web/database/create HTTP/1.1" 200 - 8 0.025 14.411
2025-04-09 22:13:08,358 20600 ERROR NeatifyCleaning odoo.http: Exception during request handling. 
Traceback (most recent call last):
  File "C:\Users\burge\OneDrive\Documents\Neatify Cleaning LLC\Oodoo\server\odoo\http.py", line 2373, in __call__
    response = request._serve_db()
               ^^^^^^^^^^^^^^^^^^^
  File "C:\Users\burge\OneDrive\Documents\Neatify Cleaning LLC\Oodoo\server\odoo\http.py", line 1900, in _serve_db
    return self._transactioning(
           ^^^^^^^^^^^^^^^^^^^^^
  File "C:\Users\burge\OneDrive\Documents\Neatify Cleaning LLC\Oodoo\server\odoo\http.py", line 1963, in _transactioning
    return service_model.retrying(func, env=self.env)
           ^^^^^^^^^^^^^^^^^^^^^^^^^^^^^^^^^^^^^^^^^^
  File "C:\Users\burge\OneDrive\Documents\Neatify Cleaning LLC\Oodoo\server\odoo\service\model.py", line 156, in retrying
    result = func()
             ^^^^^^
  File "C:\Users\burge\OneDrive\Documents\Neatify Cleaning LLC\Oodoo\server\odoo\http.py", line 1930, in _serve_ir_http
    response = self.dispatcher.dispatch(rule.endpoint, args)
               ^^^^^^^^^^^^^^^^^^^^^^^^^^^^^^^^^^^^^^^^^^^^^
  File "C:\Users\burge\OneDrive\Documents\Neatify Cleaning LLC\Oodoo\server\odoo\http.py", line 2091, in dispatch
    return self.request.registry['ir.http']._dispatch(endpoint)
           ^^^^^^^^^^^^^^^^^^^^^^^^^^^^^^^^^^^^^^^^^^^^^^^^^^^^
  File "C:\Users\burge\OneDrive\Documents\Neatify Cleaning LLC\Oodoo\server\odoo\addons\base\models\ir_http.py", line 333, in _dispatch
    result = endpoint(**request.params)
             ^^^^^^^^^^^^^^^^^^^^^^^^^^
  File "C:\Users\burge\OneDrive\Documents\Neatify Cleaning LLC\Oodoo\server\odoo\http.py", line 727, in route_wrapper
    result = endpoint(self, *args, **params_ok)
             ^^^^^^^^^^^^^^^^^^^^^^^^^^^^^^^^^^
  File "C:\Users\burge\OneDrive\Documents\Neatify Cleaning LLC\Oodoo\server\odoo\addons\web\controllers\database.py", line 89, in create
    return self._render_template(error=error)
           ^^^^^^^^^^^^^^^^^^^^^^^^^^^^^^^^^^
  File "C:\Users\burge\OneDrive\Documents\Neatify Cleaning LLC\Oodoo\server\odoo\addons\web\controllers\database.py", line 40, in _render_template
    d['incompatible_databases'] = odoo.service.db.list_db_incompatible(d['databases'])
                                  ^^^^^^^^^^^^^^^^^^^^^^^^^^^^^^^^^^^^^^^^^^^^^^^^^^^^
  File "C:\Users\burge\OneDrive\Documents\Neatify Cleaning LLC\Oodoo\server\odoo\service\db.py", line 441, in list_db_incompatible
    if odoo.tools.sql.table_exists(cr, 'ir_module_module'):
       ^^^^^^^^^^^^^^^^^^^^^^^^^^^^^^^^^^^^^^^^^^^^^^^^^^^
  File "C:\Users\burge\OneDrive\Documents\Neatify Cleaning LLC\Oodoo\server\odoo\tools\sql.py", line 208, in table_exists
    return len(existing_tables(cr, {tablename})) == 1
               ^^^^^^^^^^^^^^^^^^^^^^^^^^^^^^^^
  File "C:\Users\burge\OneDrive\Documents\Neatify Cleaning LLC\Oodoo\server\odoo\tools\sql.py", line 203, in existing_tables
    return [row[0] for row in cr.fetchall()]
                              ^^^^^^^^^^^^^
psycopg2.InterfaceError: cursor already closed
2025-04-09 22:13:08,359 20600 INFO NeatifyCleaning odoo.sql_db: ConnectionPool(read/write;used=0/count=0/max=64): Closed 4 connections to 'user=openpg password=xxx dbname=NeatifyCleaning host=localhost port=5432 application_name=odoo-20600 sslmode=prefer' 
2025-04-09 22:13:08,361 20600 INFO NeatifyCleaning werkzeug: 127.0.0.1 - - [09/Apr/2025 22:13:08] "POST /web/database/create HTTP/1.1" 500 - 7 0.028 14.028
2025-04-09 22:13:08,785 20600 INFO NeatifyCleaning werkzeug: 127.0.0.1 - - [09/Apr/2025 22:13:08] "POST /web/database/create HTTP/1.1" 200 - 7 0.037 13.905
2025-04-09 22:13:08,830 20600 INFO NeatifyCleaning werkzeug: 127.0.0.1 - - [09/Apr/2025 22:13:08] "POST /web/database/create HTTP/1.1" 200 - 35 0.063 15.537
2025-04-09 22:13:08,831 20600 INFO NeatifyCleaning werkzeug: 127.0.0.1 - - [09/Apr/2025 22:13:08] "POST /web/database/create HTTP/1.1" 200 - 8 0.016 14.695
2025-04-09 22:13:11,135 20600 INFO NeatifyCleaning odoo.service.db: RESTORING DB: Eric Burgess 
2025-04-09 22:13:14,310 20600 INFO NeatifyCleaning odoo.sql_db: ConnectionPool(read/write;used=0/count=1/max=64): Closed 1 connections to "user=openpg password=xxx dbname='Eric Burgess' host=localhost port=5432 application_name=odoo-20600 sslmode=prefer" 
2025-04-09 22:13:14,310 20600 INFO NeatifyCleaning odoo.sql_db: ConnectionPool(read/write;used=0/count=0/max=64): Closed 1 connections to 'user=openpg password=xxx dbname=NeatifyCleaning host=localhost port=5432 application_name=odoo-20600 sslmode=prefer' 
2025-04-09 22:13:14,346 20600 INFO NeatifyCleaning werkzeug: 127.0.0.1 - - [09/Apr/2025 22:13:14] "POST /web/database/restore HTTP/1.1" 200 - 10 1.138 5.736
2025-04-09 22:13:28,654 20600 INFO ? odoo.service.db: DUMP DB: NeatifyCleaning format zip 
2025-04-09 22:13:29,843 20600 INFO ? werkzeug: 127.0.0.1 - - [09/Apr/2025 22:13:29] "POST /web/database/backup HTTP/1.1" 200 - 3 0.005 4.537
2025-04-12 09:43:20,228 20600 INFO ? odoo.service.server: Initiating shutdown 
2025-04-12 09:43:20,244 20600 INFO ? odoo.service.server: Hit CTRL-C again or send a second signal to force the shutdown. 
2025-04-12 09:43:20,625 20600 INFO ? odoo.sql_db: ConnectionPool(read/write;used=0/count=0/max=64): Closed 1 connections  
